<?xml version="1.0" encoding="UTF-8"?>
<!-- Generated by org.testng.reporters.JUnitXMLReporter -->
<testsuite ignored="0" hostname="LAPTOP-42LMT81G" failures="0" tests="12" name="Default test" time="39.818" errors="0" timestamp="2021-10-18T10:16:45 IST">
  <testcase classname="SeleniumT" name="AdminLogOut" time="4.081"/>
  <testcase classname="SeleniumT" name="AdminLogin" time="3.15"/>
  <testcase classname="SeleniumT" name="AdminLoginFail" time="2.798"/>
  <testcase classname="SeleniumT" name="ContactFormSubmit" time="2.146"/>
  <testcase classname="SeleniumT" name="TodayContacts" time="3.12"/>
  <testcase classname="SeleniumT" name="TotalContacts" time="2.99"/>
  <testcase classname="SeleniumT" name="TotalContactsReply" time="3.789"/>
  <testcase classname="SeleniumT" name="UpdateEmail" time="3.303"/>
  <testcase classname="SeleniumT" name="UpdatePassword" time="4.016"/>
  <testcase classname="SeleniumT" name="WeekContacts" time="3.084"/>
  <testcase classname="SeleniumT" name="WeekContacts1stcontact" time="3.186"/>
  <testcase classname="SeleniumT" name="WeekContacts1stcontactReply" time="4.107"/>
</testsuite> <!-- Default test -->
