<?xml version="1.0" encoding="UTF-8"?>
<testng-results ignored="0" total="12" passed="12" failed="0" skipped="0">
  <reporter-output>
  </reporter-output>
  <suite started-at="2021-10-18T10:16:05 IST" name="Default suite" finished-at="2021-10-18T10:16:45 IST" duration-ms="39818">
    <groups>
    </groups>
    <test started-at="2021-10-18T10:16:05 IST" name="Default test" finished-at="2021-10-18T10:16:45 IST" duration-ms="39818">
      <class name="SeleniumT">
        <test-method signature="AdminLogOut()[pri:0, instance:SeleniumT@33afa13b]" started-at="2021-10-18T10:16:05 IST" name="AdminLogOut" finished-at="2021-10-18T10:16:09 IST" duration-ms="4081" status="PASS">
          <reporter-output>
          </reporter-output>
        </test-method> <!-- AdminLogOut -->
        <test-method signature="AdminLogin()[pri:0, instance:SeleniumT@33afa13b]" started-at="2021-10-18T10:16:09 IST" name="AdminLogin" finished-at="2021-10-18T10:16:12 IST" duration-ms="3150" status="PASS">
          <reporter-output>
          </reporter-output>
        </test-method> <!-- AdminLogin -->
        <test-method signature="AdminLoginFail()[pri:0, instance:SeleniumT@33afa13b]" started-at="2021-10-18T10:16:12 IST" name="AdminLoginFail" finished-at="2021-10-18T10:16:15 IST" duration-ms="2798" status="PASS">
          <reporter-output>
          </reporter-output>
        </test-method> <!-- AdminLoginFail -->
        <test-method signature="ContactFormSubmit()[pri:0, instance:SeleniumT@33afa13b]" started-at="2021-10-18T10:16:15 IST" name="ContactFormSubmit" finished-at="2021-10-18T10:16:17 IST" duration-ms="2146" status="PASS">
          <reporter-output>
          </reporter-output>
        </test-method> <!-- ContactFormSubmit -->
        <test-method signature="TodayContacts()[pri:0, instance:SeleniumT@33afa13b]" started-at="2021-10-18T10:16:17 IST" name="TodayContacts" finished-at="2021-10-18T10:16:20 IST" duration-ms="3120" status="PASS">
          <reporter-output>
          </reporter-output>
        </test-method> <!-- TodayContacts -->
        <test-method signature="TotalContacts()[pri:0, instance:SeleniumT@33afa13b]" started-at="2021-10-18T10:16:20 IST" name="TotalContacts" finished-at="2021-10-18T10:16:23 IST" duration-ms="2990" status="PASS">
          <reporter-output>
          </reporter-output>
        </test-method> <!-- TotalContacts -->
        <test-method signature="TotalContactsReply()[pri:0, instance:SeleniumT@33afa13b]" started-at="2021-10-18T10:16:23 IST" name="TotalContactsReply" finished-at="2021-10-18T10:16:27 IST" duration-ms="3789" status="PASS">
          <reporter-output>
          </reporter-output>
        </test-method> <!-- TotalContactsReply -->
        <test-method signature="UpdateEmail()[pri:0, instance:SeleniumT@33afa13b]" started-at="2021-10-18T10:16:27 IST" name="UpdateEmail" finished-at="2021-10-18T10:16:30 IST" duration-ms="3303" status="PASS">
          <reporter-output>
          </reporter-output>
        </test-method> <!-- UpdateEmail -->
        <test-method signature="UpdatePassword()[pri:0, instance:SeleniumT@33afa13b]" started-at="2021-10-18T10:16:30 IST" name="UpdatePassword" finished-at="2021-10-18T10:16:34 IST" duration-ms="4016" status="PASS">
          <reporter-output>
          </reporter-output>
        </test-method> <!-- UpdatePassword -->
        <test-method signature="WeekContacts()[pri:0, instance:SeleniumT@33afa13b]" started-at="2021-10-18T10:16:34 IST" name="WeekContacts" finished-at="2021-10-18T10:16:37 IST" duration-ms="3084" status="PASS">
          <reporter-output>
          </reporter-output>
        </test-method> <!-- WeekContacts -->
        <test-method signature="WeekContacts1stcontact()[pri:0, instance:SeleniumT@33afa13b]" started-at="2021-10-18T10:16:37 IST" name="WeekContacts1stcontact" finished-at="2021-10-18T10:16:40 IST" duration-ms="3186" status="PASS">
          <reporter-output>
          </reporter-output>
        </test-method> <!-- WeekContacts1stcontact -->
        <test-method signature="WeekContacts1stcontactReply()[pri:0, instance:SeleniumT@33afa13b]" started-at="2021-10-18T10:16:40 IST" name="WeekContacts1stcontactReply" finished-at="2021-10-18T10:16:45 IST" duration-ms="4107" status="PASS">
          <reporter-output>
          </reporter-output>
        </test-method> <!-- WeekContacts1stcontactReply -->
      </class> <!-- SeleniumT -->
    </test> <!-- Default test -->
  </suite> <!-- Default suite -->
</testng-results>
